<?xml version="1.0" encoding="UTF-8"?>
<!-- Generated by org.testng.reporters.JUnitXMLReporter -->
<testsuite ignored="0" hostname="LAPTOP-S43AIH1I" failures="0" tests="4" name="Default test" time="103.186" errors="0" timestamp="2023-09-14T22:52:18 IST">
  <testcase classname="api.FetchDataTest" name="ConvertToCSV" time="4.561"/>
  <testcase classname="api.FetchDataTest" name="PrintTable" time="86.132"/>
  <testcase classname="api.FetchDataTest" name="findExperession" time="12.426"/>
  <testcase classname="api.FetchDataTest" name="getTime" time="0.014"/>
</testsuite> <!-- Default test -->
