<?xml version="1.0" encoding="UTF-8"?>
<testng-results ignored="0" total="4" passed="4" failed="0" skipped="0">
  <reporter-output>
  </reporter-output>
  <suite started-at="2023-09-14T22:50:35 IST" name="Default suite" finished-at="2023-09-14T22:52:18 IST" duration-ms="103186">
    <groups>
    </groups>
    <test started-at="2023-09-14T22:50:35 IST" name="Default test" finished-at="2023-09-14T22:52:18 IST" duration-ms="103186">
      <class name="api.FetchDataTest">
        <test-method signature="ConvertToCSV()[pri:0, instance:api.FetchDataTest@52bf72b5]" started-at="2023-09-14T22:50:35 IST" name="ConvertToCSV" finished-at="2023-09-14T22:50:39 IST" duration-ms="4561" status="PASS">
          <reporter-output>
          </reporter-output>
        </test-method> <!-- ConvertToCSV -->
        <test-method signature="PrintTable()[pri:0, instance:api.FetchDataTest@52bf72b5]" started-at="2023-09-14T22:50:39 IST" name="PrintTable" finished-at="2023-09-14T22:52:05 IST" duration-ms="86132" status="PASS">
          <reporter-output>
          </reporter-output>
        </test-method> <!-- PrintTable -->
        <test-method signature="findExperession()[pri:0, instance:api.FetchDataTest@52bf72b5]" started-at="2023-09-14T22:52:05 IST" name="findExperession" finished-at="2023-09-14T22:52:18 IST" duration-ms="12426" status="PASS">
          <reporter-output>
          </reporter-output>
        </test-method> <!-- findExperession -->
        <test-method signature="getTime()[pri:0, instance:api.FetchDataTest@52bf72b5]" started-at="2023-09-14T22:52:18 IST" name="getTime" finished-at="2023-09-14T22:52:18 IST" duration-ms="14" status="PASS">
          <reporter-output>
          </reporter-output>
        </test-method> <!-- getTime -->
      </class> <!-- api.FetchDataTest -->
    </test> <!-- Default test -->
  </suite> <!-- Default suite -->
</testng-results>
